ARM GAS  /tmp/ccNAUQ3S.s 			page 1


   1              		.cpu cortex-m7
   2              		.arch armv7e-m
   3              		.fpu fpv5-d16
   4              		.eabi_attribute 28, 1
   5              		.eabi_attribute 20, 1
   6              		.eabi_attribute 21, 1
   7              		.eabi_attribute 23, 3
   8              		.eabi_attribute 24, 1
   9              		.eabi_attribute 25, 1
  10              		.eabi_attribute 26, 1
  11              		.eabi_attribute 30, 1
  12              		.eabi_attribute 34, 1
  13              		.eabi_attribute 18, 4
  14              		.file	"stm32h7xx_hal_msp.c"
  15              		.text
  16              	.Ltext0:
  17              		.cfi_sections	.debug_frame
  18              		.file 1 "config/Src/stm32h7xx_hal_msp.c"
  19              		.section	.text.HAL_MspInit,"ax",%progbits
  20              		.align	1
  21              		.global	HAL_MspInit
  22              		.syntax unified
  23              		.thumb
  24              		.thumb_func
  26              	HAL_MspInit:
  27              	.LFB144:
   1:config/Src/stm32h7xx_hal_msp.c **** /*******************************************************************************
   2:config/Src/stm32h7xx_hal_msp.c **** *                                                                              *
   3:config/Src/stm32h7xx_hal_msp.c **** * FILE:                                                                        *
   4:config/Src/stm32h7xx_hal_msp.c **** *       stm32h7xx_hal_msp.c                                                    *
   5:config/Src/stm32h7xx_hal_msp.c **** *                                                                              *
   6:config/Src/stm32h7xx_hal_msp.c **** * DESCRIPTION:                                                                 *
   7:config/Src/stm32h7xx_hal_msp.c **** *       Contains implementation of MSP initialization and de-initialization    *
   8:config/Src/stm32h7xx_hal_msp.c **** *                routines                                                      *
   9:config/Src/stm32h7xx_hal_msp.c **** *                                                                              *
  10:config/Src/stm32h7xx_hal_msp.c **** *******************************************************************************/
  11:config/Src/stm32h7xx_hal_msp.c **** 
  12:config/Src/stm32h7xx_hal_msp.c **** 
  13:config/Src/stm32h7xx_hal_msp.c **** /*------------------------------------------------------------------------------
  14:config/Src/stm32h7xx_hal_msp.c **** Standard Includes                                                                     
  15:config/Src/stm32h7xx_hal_msp.c **** ------------------------------------------------------------------------------*/
  16:config/Src/stm32h7xx_hal_msp.c **** #include "main.h"
  17:config/Src/stm32h7xx_hal_msp.c **** 
  18:config/Src/stm32h7xx_hal_msp.c **** 
  19:config/Src/stm32h7xx_hal_msp.c **** /*******************************************************************************
  20:config/Src/stm32h7xx_hal_msp.c **** *                                                                              *
  21:config/Src/stm32h7xx_hal_msp.c **** * PROCEDURE:                                                                   *
  22:config/Src/stm32h7xx_hal_msp.c **** *       HAL_MspInit                                                            *
  23:config/Src/stm32h7xx_hal_msp.c **** *                                                                              *
  24:config/Src/stm32h7xx_hal_msp.c **** * DESCRIPTION:                                                                 *
  25:config/Src/stm32h7xx_hal_msp.c **** *       Initializes the Global MSP                                             *
  26:config/Src/stm32h7xx_hal_msp.c **** *                                                                              *
  27:config/Src/stm32h7xx_hal_msp.c **** *******************************************************************************/
  28:config/Src/stm32h7xx_hal_msp.c **** void HAL_MspInit
  29:config/Src/stm32h7xx_hal_msp.c **** 	(
  30:config/Src/stm32h7xx_hal_msp.c **** 	void
  31:config/Src/stm32h7xx_hal_msp.c **** 	)
ARM GAS  /tmp/ccNAUQ3S.s 			page 2


  32:config/Src/stm32h7xx_hal_msp.c **** {
  28              		.loc 1 32 1 view -0
  29              		.cfi_startproc
  30              		@ args = 0, pretend = 0, frame = 8
  31              		@ frame_needed = 0, uses_anonymous_args = 0
  32              		@ link register save eliminated.
  33 0000 82B0     		sub	sp, sp, #8
  34              	.LCFI0:
  35              		.cfi_def_cfa_offset 8
  33:config/Src/stm32h7xx_hal_msp.c **** __HAL_RCC_SYSCFG_CLK_ENABLE();
  36              		.loc 1 33 1 view .LVU1
  37              	.LBB2:
  38              		.loc 1 33 1 view .LVU2
  39              		.loc 1 33 1 view .LVU3
  40 0002 074B     		ldr	r3, .L3
  41 0004 D3F8F420 		ldr	r2, [r3, #244]
  42 0008 42F00202 		orr	r2, r2, #2
  43 000c C3F8F420 		str	r2, [r3, #244]
  44              		.loc 1 33 1 view .LVU4
  45 0010 D3F8F430 		ldr	r3, [r3, #244]
  46 0014 03F00203 		and	r3, r3, #2
  47 0018 0193     		str	r3, [sp, #4]
  48              		.loc 1 33 1 view .LVU5
  49 001a 019B     		ldr	r3, [sp, #4]
  50              	.LBE2:
  51              		.loc 1 33 1 view .LVU6
  34:config/Src/stm32h7xx_hal_msp.c **** 
  35:config/Src/stm32h7xx_hal_msp.c **** } /* HAL_MspInit */
  52              		.loc 1 35 1 is_stmt 0 view .LVU7
  53 001c 02B0     		add	sp, sp, #8
  54              	.LCFI1:
  55              		.cfi_def_cfa_offset 0
  56              		@ sp needed
  57 001e 7047     		bx	lr
  58              	.L4:
  59              		.align	2
  60              	.L3:
  61 0020 00440258 		.word	1476543488
  62              		.cfi_endproc
  63              	.LFE144:
  65              		.text
  66              	.Letext0:
  67              		.file 2 "/usr/arm-none-eabi/include/machine/_default_types.h"
  68              		.file 3 "/usr/arm-none-eabi/include/sys/_stdint.h"
  69              		.file 4 "../../lib/Drivers/CMSIS/Device/ST/STM32H7xx/Include/stm32h750xx.h"
ARM GAS  /tmp/ccNAUQ3S.s 			page 3


DEFINED SYMBOLS
                            *ABS*:0000000000000000 stm32h7xx_hal_msp.c
     /tmp/ccNAUQ3S.s:20     .text.HAL_MspInit:0000000000000000 $t
     /tmp/ccNAUQ3S.s:26     .text.HAL_MspInit:0000000000000000 HAL_MspInit
     /tmp/ccNAUQ3S.s:61     .text.HAL_MspInit:0000000000000020 $d

NO UNDEFINED SYMBOLS
