ARM GAS  C:\Users\tnguy\AppData\Local\Temp\ccV6FWZo.s 			page 1


   1              		.cpu cortex-m7
   2              		.arch armv7e-m
   3              		.fpu fpv5-d16
   4              		.eabi_attribute 28, 1
   5              		.eabi_attribute 20, 1
   6              		.eabi_attribute 21, 1
   7              		.eabi_attribute 23, 3
   8              		.eabi_attribute 24, 1
   9              		.eabi_attribute 25, 1
  10              		.eabi_attribute 26, 1
  11              		.eabi_attribute 30, 1
  12              		.eabi_attribute 34, 1
  13              		.eabi_attribute 18, 4
  14              		.file	"stm32h7xx_it.c"
  15              		.text
  16              	.Ltext0:
  17              		.cfi_sections	.debug_frame
  18              		.section	.text.NMI_Handler,"ax",%progbits
  19              		.align	1
  20              		.global	NMI_Handler
  21              		.syntax unified
  22              		.thumb
  23              		.thumb_func
  25              	NMI_Handler:
  26              	.LFB144:
  27              		.file 1 "config/Src/stm32h7xx_it.c"
   1:config/Src/stm32h7xx_it.c **** /*******************************************************************************
   2:config/Src/stm32h7xx_it.c **** *                                                                              *
   3:config/Src/stm32h7xx_it.c **** * FILE:                                                                        *
   4:config/Src/stm32h7xx_it.c **** *       stm32h7xx_it.c                                                         *
   5:config/Src/stm32h7xx_it.c **** *                                                                              *
   6:config/Src/stm32h7xx_it.c **** * DESCRIPTION:                                                                 *
   7:config/Src/stm32h7xx_it.c **** *       Contains implementation of interrupt service routines                  *
   8:config/Src/stm32h7xx_it.c **** *                                                                              *
   9:config/Src/stm32h7xx_it.c **** *******************************************************************************/
  10:config/Src/stm32h7xx_it.c **** 
  11:config/Src/stm32h7xx_it.c **** 
  12:config/Src/stm32h7xx_it.c **** /*------------------------------------------------------------------------------
  13:config/Src/stm32h7xx_it.c **** Standard Includes                                                                     
  14:config/Src/stm32h7xx_it.c **** ------------------------------------------------------------------------------*/
  15:config/Src/stm32h7xx_it.c **** #include "main.h"
  16:config/Src/stm32h7xx_it.c **** #include "stm32h7xx_it.h"
  17:config/Src/stm32h7xx_it.c **** 
  18:config/Src/stm32h7xx_it.c **** 
  19:config/Src/stm32h7xx_it.c **** /*------------------------------------------------------------------------------
  20:config/Src/stm32h7xx_it.c ****              Cortex Processor Interruption and Exception Handlers             
  21:config/Src/stm32h7xx_it.c **** ------------------------------------------------------------------------------*/
  22:config/Src/stm32h7xx_it.c **** 
  23:config/Src/stm32h7xx_it.c **** /**
  24:config/Src/stm32h7xx_it.c ****   * @brief This function handles Non maskable interrupt.
  25:config/Src/stm32h7xx_it.c ****   */
  26:config/Src/stm32h7xx_it.c **** void NMI_Handler(void)
  27:config/Src/stm32h7xx_it.c **** {
  28              		.loc 1 27 1 view -0
  29              		.cfi_startproc
  30              		@ Volatile: function does not return.
  31              		@ args = 0, pretend = 0, frame = 0
ARM GAS  C:\Users\tnguy\AppData\Local\Temp\ccV6FWZo.s 			page 2


  32              		@ frame_needed = 0, uses_anonymous_args = 0
  33              		@ link register save eliminated.
  34              	.L2:
  28:config/Src/stm32h7xx_it.c ****   while (1)
  35              		.loc 1 28 3 discriminator 1 view .LVU1
  29:config/Src/stm32h7xx_it.c ****   {
  30:config/Src/stm32h7xx_it.c ****   }
  36              		.loc 1 30 3 discriminator 1 view .LVU2
  28:config/Src/stm32h7xx_it.c ****   while (1)
  37              		.loc 1 28 9 discriminator 1 view .LVU3
  38 0000 FEE7     		b	.L2
  39              		.cfi_endproc
  40              	.LFE144:
  42              		.section	.text.HardFault_Handler,"ax",%progbits
  43              		.align	1
  44              		.global	HardFault_Handler
  45              		.syntax unified
  46              		.thumb
  47              		.thumb_func
  49              	HardFault_Handler:
  50              	.LFB145:
  31:config/Src/stm32h7xx_it.c **** }
  32:config/Src/stm32h7xx_it.c **** 
  33:config/Src/stm32h7xx_it.c **** /**
  34:config/Src/stm32h7xx_it.c ****   * @brief This function handles Hard fault interrupt.
  35:config/Src/stm32h7xx_it.c ****   */
  36:config/Src/stm32h7xx_it.c **** void HardFault_Handler(void)
  37:config/Src/stm32h7xx_it.c **** {
  51              		.loc 1 37 1 view -0
  52              		.cfi_startproc
  53              		@ Volatile: function does not return.
  54              		@ args = 0, pretend = 0, frame = 0
  55              		@ frame_needed = 0, uses_anonymous_args = 0
  56              		@ link register save eliminated.
  57              	.L4:
  38:config/Src/stm32h7xx_it.c ****   while (1)
  58              		.loc 1 38 3 discriminator 1 view .LVU5
  39:config/Src/stm32h7xx_it.c ****   {
  40:config/Src/stm32h7xx_it.c ****   }
  59              		.loc 1 40 3 discriminator 1 view .LVU6
  38:config/Src/stm32h7xx_it.c ****   while (1)
  60              		.loc 1 38 9 discriminator 1 view .LVU7
  61 0000 FEE7     		b	.L4
  62              		.cfi_endproc
  63              	.LFE145:
  65              		.section	.text.MemManage_Handler,"ax",%progbits
  66              		.align	1
  67              		.global	MemManage_Handler
  68              		.syntax unified
  69              		.thumb
  70              		.thumb_func
  72              	MemManage_Handler:
  73              	.LFB146:
  41:config/Src/stm32h7xx_it.c **** }
  42:config/Src/stm32h7xx_it.c **** 
  43:config/Src/stm32h7xx_it.c **** /**
  44:config/Src/stm32h7xx_it.c ****   * @brief This function handles Memory management fault.
ARM GAS  C:\Users\tnguy\AppData\Local\Temp\ccV6FWZo.s 			page 3


  45:config/Src/stm32h7xx_it.c ****   */
  46:config/Src/stm32h7xx_it.c **** void MemManage_Handler(void)
  47:config/Src/stm32h7xx_it.c **** {
  74              		.loc 1 47 1 view -0
  75              		.cfi_startproc
  76              		@ Volatile: function does not return.
  77              		@ args = 0, pretend = 0, frame = 0
  78              		@ frame_needed = 0, uses_anonymous_args = 0
  79              		@ link register save eliminated.
  80              	.L6:
  48:config/Src/stm32h7xx_it.c ****   while (1)
  81              		.loc 1 48 3 discriminator 1 view .LVU9
  49:config/Src/stm32h7xx_it.c ****   {
  50:config/Src/stm32h7xx_it.c ****   }
  82              		.loc 1 50 3 discriminator 1 view .LVU10
  48:config/Src/stm32h7xx_it.c ****   while (1)
  83              		.loc 1 48 9 discriminator 1 view .LVU11
  84 0000 FEE7     		b	.L6
  85              		.cfi_endproc
  86              	.LFE146:
  88              		.section	.text.BusFault_Handler,"ax",%progbits
  89              		.align	1
  90              		.global	BusFault_Handler
  91              		.syntax unified
  92              		.thumb
  93              		.thumb_func
  95              	BusFault_Handler:
  96              	.LFB147:
  51:config/Src/stm32h7xx_it.c **** }
  52:config/Src/stm32h7xx_it.c **** 
  53:config/Src/stm32h7xx_it.c **** /**
  54:config/Src/stm32h7xx_it.c ****   * @brief This function handles Pre-fetch fault, memory access fault.
  55:config/Src/stm32h7xx_it.c ****   */
  56:config/Src/stm32h7xx_it.c **** void BusFault_Handler(void)
  57:config/Src/stm32h7xx_it.c **** {
  97              		.loc 1 57 1 view -0
  98              		.cfi_startproc
  99              		@ Volatile: function does not return.
 100              		@ args = 0, pretend = 0, frame = 0
 101              		@ frame_needed = 0, uses_anonymous_args = 0
 102              		@ link register save eliminated.
 103              	.L8:
  58:config/Src/stm32h7xx_it.c ****   while (1)
 104              		.loc 1 58 3 discriminator 1 view .LVU13
  59:config/Src/stm32h7xx_it.c ****   {
  60:config/Src/stm32h7xx_it.c ****   }
 105              		.loc 1 60 3 discriminator 1 view .LVU14
  58:config/Src/stm32h7xx_it.c ****   while (1)
 106              		.loc 1 58 9 discriminator 1 view .LVU15
 107 0000 FEE7     		b	.L8
 108              		.cfi_endproc
 109              	.LFE147:
 111              		.section	.text.UsageFault_Handler,"ax",%progbits
 112              		.align	1
 113              		.global	UsageFault_Handler
 114              		.syntax unified
 115              		.thumb
ARM GAS  C:\Users\tnguy\AppData\Local\Temp\ccV6FWZo.s 			page 4


 116              		.thumb_func
 118              	UsageFault_Handler:
 119              	.LFB148:
  61:config/Src/stm32h7xx_it.c **** }
  62:config/Src/stm32h7xx_it.c **** 
  63:config/Src/stm32h7xx_it.c **** /**
  64:config/Src/stm32h7xx_it.c ****   * @brief This function handles Undefined instruction or illegal state.
  65:config/Src/stm32h7xx_it.c ****   */
  66:config/Src/stm32h7xx_it.c **** void UsageFault_Handler(void)
  67:config/Src/stm32h7xx_it.c **** {
 120              		.loc 1 67 1 view -0
 121              		.cfi_startproc
 122              		@ Volatile: function does not return.
 123              		@ args = 0, pretend = 0, frame = 0
 124              		@ frame_needed = 0, uses_anonymous_args = 0
 125              		@ link register save eliminated.
 126              	.L10:
  68:config/Src/stm32h7xx_it.c ****   while (1)
 127              		.loc 1 68 3 discriminator 1 view .LVU17
  69:config/Src/stm32h7xx_it.c ****   {
  70:config/Src/stm32h7xx_it.c ****   }
 128              		.loc 1 70 3 discriminator 1 view .LVU18
  68:config/Src/stm32h7xx_it.c ****   while (1)
 129              		.loc 1 68 9 discriminator 1 view .LVU19
 130 0000 FEE7     		b	.L10
 131              		.cfi_endproc
 132              	.LFE148:
 134              		.section	.text.SVC_Handler,"ax",%progbits
 135              		.align	1
 136              		.global	SVC_Handler
 137              		.syntax unified
 138              		.thumb
 139              		.thumb_func
 141              	SVC_Handler:
 142              	.LFB149:
  71:config/Src/stm32h7xx_it.c **** }
  72:config/Src/stm32h7xx_it.c **** 
  73:config/Src/stm32h7xx_it.c **** /**
  74:config/Src/stm32h7xx_it.c ****   * @brief This function handles System service call via SWI instruction.
  75:config/Src/stm32h7xx_it.c ****   */
  76:config/Src/stm32h7xx_it.c **** void SVC_Handler(void)
  77:config/Src/stm32h7xx_it.c **** {
 143              		.loc 1 77 1 view -0
 144              		.cfi_startproc
 145              		@ args = 0, pretend = 0, frame = 0
 146              		@ frame_needed = 0, uses_anonymous_args = 0
 147              		@ link register save eliminated.
  78:config/Src/stm32h7xx_it.c **** }
 148              		.loc 1 78 1 view .LVU21
 149 0000 7047     		bx	lr
 150              		.cfi_endproc
 151              	.LFE149:
 153              		.section	.text.DebugMon_Handler,"ax",%progbits
 154              		.align	1
 155              		.global	DebugMon_Handler
 156              		.syntax unified
 157              		.thumb
ARM GAS  C:\Users\tnguy\AppData\Local\Temp\ccV6FWZo.s 			page 5


 158              		.thumb_func
 160              	DebugMon_Handler:
 161              	.LFB150:
  79:config/Src/stm32h7xx_it.c **** 
  80:config/Src/stm32h7xx_it.c **** /**
  81:config/Src/stm32h7xx_it.c ****   * @brief This function handles Debug monitor.
  82:config/Src/stm32h7xx_it.c ****   */
  83:config/Src/stm32h7xx_it.c **** void DebugMon_Handler(void)
  84:config/Src/stm32h7xx_it.c **** {
 162              		.loc 1 84 1 view -0
 163              		.cfi_startproc
 164              		@ args = 0, pretend = 0, frame = 0
 165              		@ frame_needed = 0, uses_anonymous_args = 0
 166              		@ link register save eliminated.
  85:config/Src/stm32h7xx_it.c **** }
 167              		.loc 1 85 1 view .LVU23
 168 0000 7047     		bx	lr
 169              		.cfi_endproc
 170              	.LFE150:
 172              		.section	.text.PendSV_Handler,"ax",%progbits
 173              		.align	1
 174              		.global	PendSV_Handler
 175              		.syntax unified
 176              		.thumb
 177              		.thumb_func
 179              	PendSV_Handler:
 180              	.LFB151:
  86:config/Src/stm32h7xx_it.c **** 
  87:config/Src/stm32h7xx_it.c **** /**
  88:config/Src/stm32h7xx_it.c ****   * @brief This function handles Pendable request for system service.
  89:config/Src/stm32h7xx_it.c ****   */
  90:config/Src/stm32h7xx_it.c **** void PendSV_Handler(void)
  91:config/Src/stm32h7xx_it.c **** {
 181              		.loc 1 91 1 view -0
 182              		.cfi_startproc
 183              		@ args = 0, pretend = 0, frame = 0
 184              		@ frame_needed = 0, uses_anonymous_args = 0
 185              		@ link register save eliminated.
  92:config/Src/stm32h7xx_it.c **** }
 186              		.loc 1 92 1 view .LVU25
 187 0000 7047     		bx	lr
 188              		.cfi_endproc
 189              	.LFE151:
 191              		.section	.text.SysTick_Handler,"ax",%progbits
 192              		.align	1
 193              		.global	SysTick_Handler
 194              		.syntax unified
 195              		.thumb
 196              		.thumb_func
 198              	SysTick_Handler:
 199              	.LFB152:
  93:config/Src/stm32h7xx_it.c **** 
  94:config/Src/stm32h7xx_it.c **** /**
  95:config/Src/stm32h7xx_it.c ****   * @brief This function handles System tick timer.
  96:config/Src/stm32h7xx_it.c ****   */
  97:config/Src/stm32h7xx_it.c **** void SysTick_Handler(void)
  98:config/Src/stm32h7xx_it.c **** {
ARM GAS  C:\Users\tnguy\AppData\Local\Temp\ccV6FWZo.s 			page 6


 200              		.loc 1 98 1 view -0
 201              		.cfi_startproc
 202              		@ args = 0, pretend = 0, frame = 0
 203              		@ frame_needed = 0, uses_anonymous_args = 0
 204 0000 08B5     		push	{r3, lr}
 205              	.LCFI0:
 206              		.cfi_def_cfa_offset 8
 207              		.cfi_offset 3, -8
 208              		.cfi_offset 14, -4
  99:config/Src/stm32h7xx_it.c ****   HAL_IncTick();
 209              		.loc 1 99 3 view .LVU27
 210 0002 FFF7FEFF 		bl	HAL_IncTick
 211              	.LVL0:
 100:config/Src/stm32h7xx_it.c **** }
 212              		.loc 1 100 1 is_stmt 0 view .LVU28
 213 0006 08BD     		pop	{r3, pc}
 214              		.cfi_endproc
 215              	.LFE152:
 217              		.text
 218              	.Letext0:
 219              		.file 2 "../../../lib/Drivers/STM32H7xx_HAL_Driver/Inc/stm32h7xx_hal.h"
ARM GAS  C:\Users\tnguy\AppData\Local\Temp\ccV6FWZo.s 			page 7


DEFINED SYMBOLS
                            *ABS*:00000000 stm32h7xx_it.c
C:\Users\tnguy\AppData\Local\Temp\ccV6FWZo.s:19     .text.NMI_Handler:00000000 $t
C:\Users\tnguy\AppData\Local\Temp\ccV6FWZo.s:25     .text.NMI_Handler:00000000 NMI_Handler
C:\Users\tnguy\AppData\Local\Temp\ccV6FWZo.s:43     .text.HardFault_Handler:00000000 $t
C:\Users\tnguy\AppData\Local\Temp\ccV6FWZo.s:49     .text.HardFault_Handler:00000000 HardFault_Handler
C:\Users\tnguy\AppData\Local\Temp\ccV6FWZo.s:66     .text.MemManage_Handler:00000000 $t
C:\Users\tnguy\AppData\Local\Temp\ccV6FWZo.s:72     .text.MemManage_Handler:00000000 MemManage_Handler
C:\Users\tnguy\AppData\Local\Temp\ccV6FWZo.s:89     .text.BusFault_Handler:00000000 $t
C:\Users\tnguy\AppData\Local\Temp\ccV6FWZo.s:95     .text.BusFault_Handler:00000000 BusFault_Handler
C:\Users\tnguy\AppData\Local\Temp\ccV6FWZo.s:112    .text.UsageFault_Handler:00000000 $t
C:\Users\tnguy\AppData\Local\Temp\ccV6FWZo.s:118    .text.UsageFault_Handler:00000000 UsageFault_Handler
C:\Users\tnguy\AppData\Local\Temp\ccV6FWZo.s:135    .text.SVC_Handler:00000000 $t
C:\Users\tnguy\AppData\Local\Temp\ccV6FWZo.s:141    .text.SVC_Handler:00000000 SVC_Handler
C:\Users\tnguy\AppData\Local\Temp\ccV6FWZo.s:154    .text.DebugMon_Handler:00000000 $t
C:\Users\tnguy\AppData\Local\Temp\ccV6FWZo.s:160    .text.DebugMon_Handler:00000000 DebugMon_Handler
C:\Users\tnguy\AppData\Local\Temp\ccV6FWZo.s:173    .text.PendSV_Handler:00000000 $t
C:\Users\tnguy\AppData\Local\Temp\ccV6FWZo.s:179    .text.PendSV_Handler:00000000 PendSV_Handler
C:\Users\tnguy\AppData\Local\Temp\ccV6FWZo.s:192    .text.SysTick_Handler:00000000 $t
C:\Users\tnguy\AppData\Local\Temp\ccV6FWZo.s:198    .text.SysTick_Handler:00000000 SysTick_Handler

UNDEFINED SYMBOLS
HAL_IncTick
