ARM GAS  C:\Users\tnguy\AppData\Local\Temp\ccMqTlHh.s 			page 1


   1              		.cpu cortex-m7
   2              		.arch armv7e-m
   3              		.fpu fpv5-d16
   4              		.eabi_attribute 28, 1
   5              		.eabi_attribute 20, 1
   6              		.eabi_attribute 21, 1
   7              		.eabi_attribute 23, 3
   8              		.eabi_attribute 24, 1
   9              		.eabi_attribute 25, 1
  10              		.eabi_attribute 26, 1
  11              		.eabi_attribute 30, 1
  12              		.eabi_attribute 34, 1
  13              		.eabi_attribute 18, 4
  14              		.file	"usb.c"
  15              		.text
  16              	.Ltext0:
  17              		.cfi_sections	.debug_frame
  18              		.section	.text.usb_transmit,"ax",%progbits
  19              		.align	1
  20              		.global	usb_transmit
  21              		.syntax unified
  22              		.thumb
  23              		.thumb_func
  25              	usb_transmit:
  26              	.LVL0:
  27              	.LFB144:
  28              		.file 1 "../../../mod/usb/usb.c"
   1:../../../mod/usb/usb.c **** /*******************************************************************************
   2:../../../mod/usb/usb.c **** *
   3:../../../mod/usb/usb.c **** * FILE: 
   4:../../../mod/usb/usb.c **** * 		usb.c
   5:../../../mod/usb/usb.c **** *
   6:../../../mod/usb/usb.c **** * DESCRIPTION: 
   7:../../../mod/usb/usb.c **** * 		Contains API functions to transmit data over USB 
   8:../../../mod/usb/usb.c **** *
   9:../../../mod/usb/usb.c **** *******************************************************************************/
  10:../../../mod/usb/usb.c **** 
  11:../../../mod/usb/usb.c **** 
  12:../../../mod/usb/usb.c **** /*------------------------------------------------------------------------------
  13:../../../mod/usb/usb.c ****  Standard Includes                                                                     
  14:../../../mod/usb/usb.c **** ------------------------------------------------------------------------------*/
  15:../../../mod/usb/usb.c **** #include "sdr_pin_defines_A0002.h"
  16:../../../mod/usb/usb.c **** 
  17:../../../mod/usb/usb.c **** 
  18:../../../mod/usb/usb.c **** /*------------------------------------------------------------------------------
  19:../../../mod/usb/usb.c ****  Project Includes                                                                     
  20:../../../mod/usb/usb.c **** ------------------------------------------------------------------------------*/
  21:../../../mod/usb/usb.c **** #include "main.h"
  22:../../../mod/usb/usb.c **** #include "usb.h"
  23:../../../mod/usb/usb.c **** 
  24:../../../mod/usb/usb.c **** 
  25:../../../mod/usb/usb.c **** /*------------------------------------------------------------------------------
  26:../../../mod/usb/usb.c ****  Preprocesor Directives 
  27:../../../mod/usb/usb.c **** ------------------------------------------------------------------------------*/
  28:../../../mod/usb/usb.c **** #define USB_HUART	( huart6 )
  29:../../../mod/usb/usb.c **** 
  30:../../../mod/usb/usb.c **** 
ARM GAS  C:\Users\tnguy\AppData\Local\Temp\ccMqTlHh.s 			page 2


  31:../../../mod/usb/usb.c **** /*------------------------------------------------------------------------------
  32:../../../mod/usb/usb.c **** Global Variables                                                                  
  33:../../../mod/usb/usb.c **** ------------------------------------------------------------------------------*/
  34:../../../mod/usb/usb.c **** extern UART_HandleTypeDef huart6; /* USB UART  */
  35:../../../mod/usb/usb.c **** 
  36:../../../mod/usb/usb.c **** 
  37:../../../mod/usb/usb.c **** /*------------------------------------------------------------------------------
  38:../../../mod/usb/usb.c ****  Procedures 
  39:../../../mod/usb/usb.c **** ------------------------------------------------------------------------------*/
  40:../../../mod/usb/usb.c **** 
  41:../../../mod/usb/usb.c **** 
  42:../../../mod/usb/usb.c **** /*******************************************************************************
  43:../../../mod/usb/usb.c **** *                                                                              *
  44:../../../mod/usb/usb.c **** * PROCEDURE:                                                                   * 
  45:../../../mod/usb/usb.c **** * 		usb_transmit_bytes                                                     *
  46:../../../mod/usb/usb.c **** *                                                                              *
  47:../../../mod/usb/usb.c **** * DESCRIPTION:                                                                 * 
  48:../../../mod/usb/usb.c **** * 		transmits a specified number of bytes over USB                         *
  49:../../../mod/usb/usb.c **** *                                                                              *
  50:../../../mod/usb/usb.c **** *******************************************************************************/
  51:../../../mod/usb/usb.c **** USB_STATUS usb_transmit 
  52:../../../mod/usb/usb.c **** 	(
  53:../../../mod/usb/usb.c ****     void*   tx_data_ptr , /* Data to be sent       */	
  54:../../../mod/usb/usb.c **** 	size_t  tx_data_size, /* Size of transmit data */ 
  55:../../../mod/usb/usb.c **** 	uint8_t timeout       /* UART timeout          */
  56:../../../mod/usb/usb.c **** 	)
  57:../../../mod/usb/usb.c **** {
  29              		.loc 1 57 1 view -0
  30              		.cfi_startproc
  31              		@ args = 0, pretend = 0, frame = 0
  32              		@ frame_needed = 0, uses_anonymous_args = 0
  33              		.loc 1 57 1 is_stmt 0 view .LVU1
  34 0000 08B5     		push	{r3, lr}
  35              	.LCFI0:
  36              		.cfi_def_cfa_offset 8
  37              		.cfi_offset 3, -8
  38              		.cfi_offset 14, -4
  39 0002 1346     		mov	r3, r2
  58:../../../mod/usb/usb.c **** /*------------------------------------------------------------------------------
  59:../../../mod/usb/usb.c ****  Local Variables
  60:../../../mod/usb/usb.c **** ------------------------------------------------------------------------------*/
  61:../../../mod/usb/usb.c **** HAL_StatusTypeDef usb_status;
  40              		.loc 1 61 1 is_stmt 1 view .LVU2
  62:../../../mod/usb/usb.c **** 
  63:../../../mod/usb/usb.c **** 
  64:../../../mod/usb/usb.c **** /*------------------------------------------------------------------------------
  65:../../../mod/usb/usb.c ****  API Function Implementation 
  66:../../../mod/usb/usb.c **** ------------------------------------------------------------------------------*/
  67:../../../mod/usb/usb.c **** 
  68:../../../mod/usb/usb.c **** /* Transmit byte */
  69:../../../mod/usb/usb.c **** usb_status = HAL_UART_Transmit( &( USB_HUART ),
  41              		.loc 1 69 1 view .LVU3
  42              		.loc 1 69 14 is_stmt 0 view .LVU4
  43 0004 8AB2     		uxth	r2, r1
  44              	.LVL1:
  45              		.loc 1 69 14 view .LVU5
  46 0006 0146     		mov	r1, r0
ARM GAS  C:\Users\tnguy\AppData\Local\Temp\ccMqTlHh.s 			page 3


  47              	.LVL2:
  48              		.loc 1 69 14 view .LVU6
  49 0008 0148     		ldr	r0, .L3
  50              	.LVL3:
  51              		.loc 1 69 14 view .LVU7
  52 000a FFF7FEFF 		bl	HAL_UART_Transmit
  53              	.LVL4:
  70:../../../mod/usb/usb.c ****                                 tx_data_ptr   , 
  71:../../../mod/usb/usb.c ****                                 tx_data_size  , 
  72:../../../mod/usb/usb.c ****                                 timeout );
  73:../../../mod/usb/usb.c **** 
  74:../../../mod/usb/usb.c **** /* Return HAL status */
  75:../../../mod/usb/usb.c **** if ( usb_status != HAL_OK )
  54              		.loc 1 75 1 is_stmt 1 view .LVU8
  76:../../../mod/usb/usb.c **** 	{
  77:../../../mod/usb/usb.c **** 	return usb_status;
  78:../../../mod/usb/usb.c **** 	}
  79:../../../mod/usb/usb.c **** else
  80:../../../mod/usb/usb.c **** 	{
  81:../../../mod/usb/usb.c **** 	return USB_OK;
  82:../../../mod/usb/usb.c **** 	}
  83:../../../mod/usb/usb.c **** 
  84:../../../mod/usb/usb.c **** } /* usb_transmit */
  55              		.loc 1 84 1 is_stmt 0 view .LVU9
  56 000e 08BD     		pop	{r3, pc}
  57              	.L4:
  58              		.align	2
  59              	.L3:
  60 0010 00000000 		.word	huart6
  61              		.cfi_endproc
  62              	.LFE144:
  64              		.section	.text.usb_receive,"ax",%progbits
  65              		.align	1
  66              		.global	usb_receive
  67              		.syntax unified
  68              		.thumb
  69              		.thumb_func
  71              	usb_receive:
  72              	.LVL5:
  73              	.LFB145:
  85:../../../mod/usb/usb.c **** 
  86:../../../mod/usb/usb.c **** 
  87:../../../mod/usb/usb.c **** /*******************************************************************************
  88:../../../mod/usb/usb.c **** *                                                                              *
  89:../../../mod/usb/usb.c **** * PROCEDURE:                                                                   * 
  90:../../../mod/usb/usb.c **** * 		usb_receieve                                                           *
  91:../../../mod/usb/usb.c **** *                                                                              *
  92:../../../mod/usb/usb.c **** * DESCRIPTION:                                                                 * 
  93:../../../mod/usb/usb.c **** * 	    Receives bytes from the USB port                                       *	
  94:../../../mod/usb/usb.c **** *                                                                              *
  95:../../../mod/usb/usb.c **** *******************************************************************************/
  96:../../../mod/usb/usb.c **** USB_STATUS usb_receive 
  97:../../../mod/usb/usb.c **** 	(
  98:../../../mod/usb/usb.c **** 	void*   rx_data_ptr , /* Buffer to export data to        */
  99:../../../mod/usb/usb.c **** 	size_t  rx_data_size, /* Size of the data to be received */
 100:../../../mod/usb/usb.c **** 	uint8_t timeout       /* UART timeout */
 101:../../../mod/usb/usb.c **** 	)
ARM GAS  C:\Users\tnguy\AppData\Local\Temp\ccMqTlHh.s 			page 4


 102:../../../mod/usb/usb.c **** {
  74              		.loc 1 102 1 is_stmt 1 view -0
  75              		.cfi_startproc
  76              		@ args = 0, pretend = 0, frame = 0
  77              		@ frame_needed = 0, uses_anonymous_args = 0
  78              		.loc 1 102 1 is_stmt 0 view .LVU11
  79 0000 08B5     		push	{r3, lr}
  80              	.LCFI1:
  81              		.cfi_def_cfa_offset 8
  82              		.cfi_offset 3, -8
  83              		.cfi_offset 14, -4
  84 0002 1346     		mov	r3, r2
 103:../../../mod/usb/usb.c **** /*------------------------------------------------------------------------------
 104:../../../mod/usb/usb.c ****  Local Variables
 105:../../../mod/usb/usb.c **** ------------------------------------------------------------------------------*/
 106:../../../mod/usb/usb.c **** HAL_StatusTypeDef usb_status;
  85              		.loc 1 106 1 is_stmt 1 view .LVU12
 107:../../../mod/usb/usb.c **** 
 108:../../../mod/usb/usb.c **** 
 109:../../../mod/usb/usb.c **** /*------------------------------------------------------------------------------
 110:../../../mod/usb/usb.c ****  API Function Implementation 
 111:../../../mod/usb/usb.c **** ------------------------------------------------------------------------------*/
 112:../../../mod/usb/usb.c **** 
 113:../../../mod/usb/usb.c **** /* Transmit byte */
 114:../../../mod/usb/usb.c **** usb_status = HAL_UART_Receive( &( USB_HUART ),
  86              		.loc 1 114 1 view .LVU13
  87              		.loc 1 114 14 is_stmt 0 view .LVU14
  88 0004 8AB2     		uxth	r2, r1
  89              	.LVL6:
  90              		.loc 1 114 14 view .LVU15
  91 0006 0146     		mov	r1, r0
  92              	.LVL7:
  93              		.loc 1 114 14 view .LVU16
  94 0008 0548     		ldr	r0, .L9
  95              	.LVL8:
  96              		.loc 1 114 14 view .LVU17
  97 000a FFF7FEFF 		bl	HAL_UART_Receive
  98              	.LVL9:
 115:../../../mod/usb/usb.c ****                                rx_data_ptr   , 
 116:../../../mod/usb/usb.c ****                                rx_data_size  , 
 117:../../../mod/usb/usb.c ****                                timeout );
 118:../../../mod/usb/usb.c **** 
 119:../../../mod/usb/usb.c **** /* Return HAL status */
 120:../../../mod/usb/usb.c **** switch ( usb_status )
  99              		.loc 1 120 1 is_stmt 1 view .LVU18
 100 000e 0346     		mov	r3, r0
 101 0010 10B1     		cbz	r0, .L6
 102 0012 0328     		cmp	r0, #3
 103 0014 02D1     		bne	.L7
 104 0016 0223     		movs	r3, #2
 105              	.L6:
 121:../../../mod/usb/usb.c **** 	{
 122:../../../mod/usb/usb.c **** 	case HAL_TIMEOUT:
 123:../../../mod/usb/usb.c **** 		{
 124:../../../mod/usb/usb.c **** 		return USB_TIMEOUT;
 125:../../../mod/usb/usb.c **** 		break;
 126:../../../mod/usb/usb.c **** 		}
ARM GAS  C:\Users\tnguy\AppData\Local\Temp\ccMqTlHh.s 			page 5


 127:../../../mod/usb/usb.c **** 	case HAL_OK:
 128:../../../mod/usb/usb.c **** 		{
 129:../../../mod/usb/usb.c **** 		return USB_OK;
 130:../../../mod/usb/usb.c **** 		break;
 131:../../../mod/usb/usb.c **** 		}
 132:../../../mod/usb/usb.c **** 	default:
 133:../../../mod/usb/usb.c **** 		{
 134:../../../mod/usb/usb.c **** 		return USB_FAIL;
 135:../../../mod/usb/usb.c **** 		break;
 106              		.loc 1 135 3 view .LVU19
 136:../../../mod/usb/usb.c ****         }
 137:../../../mod/usb/usb.c **** 	}
 138:../../../mod/usb/usb.c **** 
 139:../../../mod/usb/usb.c **** } /* usb_receive */
 107              		.loc 1 139 1 is_stmt 0 view .LVU20
 108 0018 1846     		mov	r0, r3
 109              	.LVL10:
 110              		.loc 1 139 1 view .LVU21
 111 001a 08BD     		pop	{r3, pc}
 112              	.LVL11:
 113              	.L7:
 134:../../../mod/usb/usb.c **** 		break;
 114              		.loc 1 134 10 view .LVU22
 115 001c 0123     		movs	r3, #1
 116 001e FBE7     		b	.L6
 117              	.L10:
 118              		.align	2
 119              	.L9:
 120 0020 00000000 		.word	huart6
 121              		.cfi_endproc
 122              	.LFE145:
 124              		.text
 125              	.Letext0:
 126              		.file 2 "c:\\program files (x86)\\gnu arm embedded toolchain\\10 2021.10\\arm-none-eabi\\include\\
 127              		.file 3 "c:\\program files (x86)\\gnu arm embedded toolchain\\10 2021.10\\arm-none-eabi\\include\\
 128              		.file 4 "../../../lib/Drivers/CMSIS/Device/ST/STM32H7xx/Include/stm32h750xx.h"
 129              		.file 5 "c:\\program files (x86)\\gnu arm embedded toolchain\\10 2021.10\\lib\\gcc\\arm-none-eabi\
 130              		.file 6 "../../../lib/Drivers/STM32H7xx_HAL_Driver/Inc/stm32h7xx_hal_def.h"
 131              		.file 7 "../../../lib/Drivers/STM32H7xx_HAL_Driver/Inc/stm32h7xx_hal_dma.h"
 132              		.file 8 "../../../lib/Drivers/STM32H7xx_HAL_Driver/Inc/stm32h7xx_hal_uart.h"
 133              		.file 9 "../../../mod/usb/usb.h"
ARM GAS  C:\Users\tnguy\AppData\Local\Temp\ccMqTlHh.s 			page 6


DEFINED SYMBOLS
                            *ABS*:00000000 usb.c
C:\Users\tnguy\AppData\Local\Temp\ccMqTlHh.s:19     .text.usb_transmit:00000000 $t
C:\Users\tnguy\AppData\Local\Temp\ccMqTlHh.s:25     .text.usb_transmit:00000000 usb_transmit
C:\Users\tnguy\AppData\Local\Temp\ccMqTlHh.s:60     .text.usb_transmit:00000010 $d
C:\Users\tnguy\AppData\Local\Temp\ccMqTlHh.s:65     .text.usb_receive:00000000 $t
C:\Users\tnguy\AppData\Local\Temp\ccMqTlHh.s:71     .text.usb_receive:00000000 usb_receive
C:\Users\tnguy\AppData\Local\Temp\ccMqTlHh.s:120    .text.usb_receive:00000020 $d

UNDEFINED SYMBOLS
HAL_UART_Transmit
huart6
HAL_UART_Receive
